{"/Users/josephstephens/Desktop/FullStack/FS_SeniorPhase/capstone/server/index.js": {"path":"/Users/josephstephens/Desktop/FullStack/FS_SeniorPhase/capstone/server/index.js","statementMap":{"0":{"start":{"line":3,"column":16},"end":{"line":3,"column":34}},"1":{"start":{"line":4,"column":12},"end":{"line":4,"column":21}},"2":{"start":{"line":5,"column":19},"end":{"line":5,"column":41}},"3":{"start":{"line":6,"column":15},"end":{"line":6,"column":32}},"4":{"start":{"line":7,"column":15},"end":{"line":7,"column":34}},"5":{"start":{"line":8,"column":17},"end":{"line":8,"column":36}},"6":{"start":{"line":9,"column":17},"end":{"line":9,"column":36}},"7":{"start":{"line":10,"column":16},"end":{"line":10,"column":42}},"8":{"start":{"line":13,"column":0},"end":{"line":13,"column":23}},"9":{"start":{"line":16,"column":0},"end":{"line":16,"column":50}},"10":{"start":{"line":17,"column":0},"end":{"line":17,"column":27}},"11":{"start":{"line":19,"column":0},"end":{"line":19,"column":32}},"12":{"start":{"line":20,"column":0},"end":{"line":20,"column":34}},"13":{"start":{"line":22,"column":0},"end":{"line":26,"column":4}},"14":{"start":{"line":29,"column":0},"end":{"line":29,"column":31}},"15":{"start":{"line":30,"column":0},"end":{"line":30,"column":28}},"16":{"start":{"line":33,"column":0},"end":{"line":37,"column":3}},"17":{"start":{"line":36,"column":2},"end":{"line":36,"column":36}},"18":{"start":{"line":39,"column":0},"end":{"line":45,"column":3}},"19":{"start":{"line":41,"column":2},"end":{"line":44,"column":7}},"20":{"start":{"line":43,"column":6},"end":{"line":43,"column":23}},"21":{"start":{"line":48,"column":0},"end":{"line":48,"column":16}},"22":{"start":{"line":50,"column":0},"end":{"line":50,"column":21}}},"fnMap":{"0":{"name":"(anonymous_0)","decl":{"start":{"line":33,"column":23},"end":{"line":33,"column":24}},"loc":{"start":{"line":33,"column":39},"end":{"line":37,"column":1}}},"1":{"name":"(anonymous_1)","decl":{"start":{"line":39,"column":25},"end":{"line":39,"column":26}},"loc":{"start":{"line":39,"column":39},"end":{"line":45,"column":1}}},"2":{"name":"(anonymous_2)","decl":{"start":{"line":42,"column":10},"end":{"line":42,"column":11}},"loc":{"start":{"line":42,"column":20},"end":{"line":44,"column":5}}}},"branchMap":{"0":{"loc":{"start":{"line":36,"column":2},"end":{"line":36,"column":35}},"type":"cond-expr","locations":[{"start":{"line":36,"column":9},"end":{"line":36,"column":28}},{"start":{"line":36,"column":31},"end":{"line":36,"column":35}}]}},"s":{"0":1,"1":1,"2":1,"3":1,"4":1,"5":1,"6":1,"7":1,"8":1,"9":1,"10":1,"11":1,"12":1,"13":1,"14":1,"15":1,"16":1,"17":0,"18":1,"19":0,"20":0,"21":1,"22":1},"f":{"0":0,"1":0,"2":0},"b":{"0":[0,0]},"_coverageSchema":"332fd63041d2c1bcb487cc26dd0d5f7d97098a6c","hash":"d2d48e08eb7f2683d0e684d0f8b424effd86347b"}
,"/Users/josephstephens/Desktop/FullStack/FS_SeniorPhase/capstone/server/lib/utils/chalk.js": {"path":"/Users/josephstephens/Desktop/FullStack/FS_SeniorPhase/capstone/server/lib/utils/chalk.js","statementMap":{"0":{"start":{"line":3,"column":14},"end":{"line":3,"column":30}},"1":{"start":{"line":5,"column":14},"end":{"line":7,"column":1}},"2":{"start":{"line":6,"column":2},"end":{"line":6,"column":29}},"3":{"start":{"line":9,"column":12},"end":{"line":11,"column":1}},"4":{"start":{"line":10,"column":2},"end":{"line":10,"column":27}},"5":{"start":{"line":13,"column":13},"end":{"line":15,"column":1}},"6":{"start":{"line":14,"column":2},"end":{"line":14,"column":28}},"7":{"start":{"line":17,"column":0},"end":{"line":19,"column":2}}},"fnMap":{"0":{"name":"(anonymous_0)","decl":{"start":{"line":5,"column":14},"end":{"line":5,"column":15}},"loc":{"start":{"line":5,"column":26},"end":{"line":7,"column":1}}},"1":{"name":"(anonymous_1)","decl":{"start":{"line":9,"column":12},"end":{"line":9,"column":13}},"loc":{"start":{"line":9,"column":24},"end":{"line":11,"column":1}}},"2":{"name":"(anonymous_2)","decl":{"start":{"line":13,"column":13},"end":{"line":13,"column":14}},"loc":{"start":{"line":13,"column":25},"end":{"line":15,"column":1}}}},"branchMap":{},"s":{"0":1,"1":1,"2":0,"3":1,"4":0,"5":1,"6":0,"7":1},"f":{"0":0,"1":0,"2":0},"b":{},"_coverageSchema":"332fd63041d2c1bcb487cc26dd0d5f7d97098a6c","hash":"8265a0f263571080be781ef2e8280a1fc3e57823"}
,"/Users/josephstephens/Desktop/FullStack/FS_SeniorPhase/capstone/server/models/board.js": {"path":"/Users/josephstephens/Desktop/FullStack/FS_SeniorPhase/capstone/server/models/board.js","statementMap":{"0":{"start":{"line":3,"column":18},"end":{"line":3,"column":38}},"1":{"start":{"line":4,"column":11},"end":{"line":4,"column":26}},"2":{"start":{"line":6,"column":14},"end":{"line":9,"column":2}},"3":{"start":{"line":11,"column":0},"end":{"line":11,"column":23}}},"fnMap":{},"branchMap":{},"s":{"0":2,"1":2,"2":2,"3":2},"f":{},"b":{},"_coverageSchema":"332fd63041d2c1bcb487cc26dd0d5f7d97098a6c","hash":"74f77952485fad63ad6abe33e90bcf976e641875"}
,"/Users/josephstephens/Desktop/FullStack/FS_SeniorPhase/capstone/server/models/board_permission.js": {"path":"/Users/josephstephens/Desktop/FullStack/FS_SeniorPhase/capstone/server/models/board_permission.js","statementMap":{"0":{"start":{"line":3,"column":18},"end":{"line":3,"column":38}},"1":{"start":{"line":4,"column":11},"end":{"line":4,"column":26}},"2":{"start":{"line":6,"column":24},"end":{"line":11,"column":2}},"3":{"start":{"line":13,"column":0},"end":{"line":13,"column":33}}},"fnMap":{},"branchMap":{},"s":{"0":2,"1":2,"2":2,"3":2},"f":{},"b":{},"_coverageSchema":"332fd63041d2c1bcb487cc26dd0d5f7d97098a6c","hash":"a9693a076f128516599b2516281616d46c0e7efa"}
,"/Users/josephstephens/Desktop/FullStack/FS_SeniorPhase/capstone/server/models/db.js": {"path":"/Users/josephstephens/Desktop/FullStack/FS_SeniorPhase/capstone/server/models/db.js","statementMap":{"0":{"start":{"line":4,"column":18},"end":{"line":4,"column":38}},"1":{"start":{"line":5,"column":14},"end":{"line":5,"column":30}},"2":{"start":{"line":6,"column":14},"end":{"line":6,"column":37}},"3":{"start":{"line":7,"column":13},"end":{"line":7,"column":20}},"4":{"start":{"line":8,"column":12},"end":{"line":8,"column":75}},"5":{"start":{"line":10,"column":0},"end":{"line":10,"column":67}},"6":{"start":{"line":13,"column":11},"end":{"line":21,"column":2}},"7":{"start":{"line":27,"column":2},"end":{"line":48,"column":7}},"8":{"start":{"line":28,"column":18},"end":{"line":28,"column":59}},"9":{"start":{"line":32,"column":6},"end":{"line":40,"column":7}},"10":{"start":{"line":33,"column":8},"end":{"line":33,"column":74}},"11":{"start":{"line":34,"column":8},"end":{"line":34,"column":67}},"12":{"start":{"line":35,"column":8},"end":{"line":35,"column":24}},"13":{"start":{"line":36,"column":8},"end":{"line":36,"column":39}},"14":{"start":{"line":37,"column":8},"end":{"line":37,"column":74}},"15":{"start":{"line":39,"column":8},"end":{"line":39,"column":15}},"16":{"start":{"line":43,"column":6},"end":{"line":43,"column":89}},"17":{"start":{"line":45,"column":6},"end":{"line":47,"column":44}},"18":{"start":{"line":46,"column":8},"end":{"line":46,"column":68}},"19":{"start":{"line":47,"column":19},"end":{"line":47,"column":42}},"20":{"start":{"line":51,"column":0},"end":{"line":51,"column":20}}},"fnMap":{"0":{"name":"sync","decl":{"start":{"line":26,"column":9},"end":{"line":26,"column":13}},"loc":{"start":{"line":26,"column":43},"end":{"line":49,"column":1}}},"1":{"name":"(anonymous_1)","decl":{"start":{"line":28,"column":10},"end":{"line":28,"column":11}},"loc":{"start":{"line":28,"column":18},"end":{"line":28,"column":59}}},"2":{"name":"(anonymous_2)","decl":{"start":{"line":29,"column":11},"end":{"line":29,"column":12}},"loc":{"start":{"line":29,"column":21},"end":{"line":48,"column":5}}},"3":{"name":"(anonymous_3)","decl":{"start":{"line":45,"column":25},"end":{"line":45,"column":26}},"loc":{"start":{"line":46,"column":8},"end":{"line":46,"column":68}}},"4":{"name":"(anonymous_4)","decl":{"start":{"line":47,"column":13},"end":{"line":47,"column":14}},"loc":{"start":{"line":47,"column":19},"end":{"line":47,"column":42}}}},"branchMap":{"0":{"loc":{"start":{"line":8,"column":12},"end":{"line":8,"column":75}},"type":"binary-expr","locations":[{"start":{"line":8,"column":12},"end":{"line":8,"column":36}},{"start":{"line":8,"column":40},"end":{"line":8,"column":75}}]},"1":{"loc":{"start":{"line":26,"column":14},"end":{"line":26,"column":25}},"type":"default-arg","locations":[{"start":{"line":26,"column":24},"end":{"line":26,"column":25}}]},"2":{"loc":{"start":{"line":26,"column":27},"end":{"line":26,"column":41}},"type":"default-arg","locations":[{"start":{"line":26,"column":40},"end":{"line":26,"column":41}}]},"3":{"loc":{"start":{"line":32,"column":6},"end":{"line":40,"column":7}},"type":"if","locations":[{"start":{"line":32,"column":6},"end":{"line":40,"column":7}},{"start":{"line":32,"column":6},"end":{"line":40,"column":7}}]},"4":{"loc":{"start":{"line":32,"column":10},"end":{"line":32,"column":71}},"type":"binary-expr","locations":[{"start":{"line":32,"column":10},"end":{"line":32,"column":47}},{"start":{"line":32,"column":51},"end":{"line":32,"column":71}}]},"5":{"loc":{"start":{"line":43,"column":21},"end":{"line":43,"column":56}},"type":"cond-expr","locations":[{"start":{"line":43,"column":31},"end":{"line":43,"column":51}},{"start":{"line":43,"column":54},"end":{"line":43,"column":56}}]}},"s":{"0":2,"1":2,"2":2,"3":2,"4":2,"5":2,"6":2,"7":2,"8":1,"9":0,"10":0,"11":0,"12":0,"13":0,"14":0,"15":0,"16":0,"17":0,"18":0,"19":0,"20":2},"f":{"0":2,"1":1,"2":0,"3":0,"4":0},"b":{"0":[2,2],"1":[2],"2":[2],"3":[0,0],"4":[0,0],"5":[0,0]},"_coverageSchema":"332fd63041d2c1bcb487cc26dd0d5f7d97098a6c","hash":"a26f6dc651356beb407712625c66fc6fef9eaa6d"}
,"/Users/josephstephens/Desktop/FullStack/FS_SeniorPhase/capstone/server/models/index.js": {"path":"/Users/josephstephens/Desktop/FullStack/FS_SeniorPhase/capstone/server/models/index.js","statementMap":{"0":{"start":{"line":3,"column":11},"end":{"line":3,"column":26}},"1":{"start":{"line":4,"column":14},"end":{"line":4,"column":32}},"2":{"start":{"line":5,"column":13},"end":{"line":5,"column":30}},"3":{"start":{"line":6,"column":13},"end":{"line":6,"column":30}},"4":{"start":{"line":7,"column":24},"end":{"line":7,"column":53}},"5":{"start":{"line":9,"column":0},"end":{"line":9,"column":20}},"6":{"start":{"line":10,"column":0},"end":{"line":10,"column":22}},"7":{"start":{"line":12,"column":0},"end":{"line":12,"column":55}},"8":{"start":{"line":13,"column":0},"end":{"line":13,"column":55}},"9":{"start":{"line":15,"column":0},"end":{"line":15,"column":19}},"10":{"start":{"line":16,"column":0},"end":{"line":16,"column":21}},"11":{"start":{"line":18,"column":0},"end":{"line":20,"column":2}}},"fnMap":{},"branchMap":{},"s":{"0":2,"1":2,"2":2,"3":2,"4":2,"5":2,"6":2,"7":2,"8":2,"9":2,"10":2,"11":2},"f":{},"b":{},"_coverageSchema":"332fd63041d2c1bcb487cc26dd0d5f7d97098a6c","hash":"cc655e40438e0acaf5a17aae7716957139a5fd32"}
,"/Users/josephstephens/Desktop/FullStack/FS_SeniorPhase/capstone/server/models/note.js": {"path":"/Users/josephstephens/Desktop/FullStack/FS_SeniorPhase/capstone/server/models/note.js","statementMap":{"0":{"start":{"line":3,"column":18},"end":{"line":3,"column":38}},"1":{"start":{"line":4,"column":11},"end":{"line":4,"column":26}},"2":{"start":{"line":6,"column":13},"end":{"line":11,"column":2}},"3":{"start":{"line":13,"column":0},"end":{"line":13,"column":22}}},"fnMap":{},"branchMap":{},"s":{"0":2,"1":2,"2":2,"3":2},"f":{},"b":{},"_coverageSchema":"332fd63041d2c1bcb487cc26dd0d5f7d97098a6c","hash":"cbfba3d135d1e8b7380b20affa7a3c948a9d2abf"}
,"/Users/josephstephens/Desktop/FullStack/FS_SeniorPhase/capstone/server/models/user.js": {"path":"/Users/josephstephens/Desktop/FullStack/FS_SeniorPhase/capstone/server/models/user.js","statementMap":{"0":{"start":{"line":3,"column":18},"end":{"line":3,"column":38}},"1":{"start":{"line":4,"column":15},"end":{"line":4,"column":39}},"2":{"start":{"line":5,"column":11},"end":{"line":5,"column":26}},"3":{"start":{"line":7,"column":13},"end":{"line":56,"column":2}},"4":{"start":{"line":19,"column":6},"end":{"line":32,"column":9}},"5":{"start":{"line":20,"column":8},"end":{"line":31,"column":11}},"6":{"start":{"line":21,"column":10},"end":{"line":23,"column":11}},"7":{"start":{"line":22,"column":12},"end":{"line":22,"column":31}},"8":{"start":{"line":24,"column":10},"end":{"line":30,"column":13}},"9":{"start":{"line":25,"column":12},"end":{"line":27,"column":13}},"10":{"start":{"line":26,"column":14},"end":{"line":26,"column":33}},"11":{"start":{"line":28,"column":12},"end":{"line":28,"column":48}},"12":{"start":{"line":29,"column":12},"end":{"line":29,"column":22}},"13":{"start":{"line":35,"column":6},"end":{"line":42,"column":9}},"14":{"start":{"line":36,"column":8},"end":{"line":41,"column":11}},"15":{"start":{"line":37,"column":10},"end":{"line":39,"column":11}},"16":{"start":{"line":38,"column":12},"end":{"line":38,"column":31}},"17":{"start":{"line":40,"column":10},"end":{"line":40,"column":27}},"18":{"start":{"line":47,"column":6},"end":{"line":47,"column":33}},"19":{"start":{"line":50,"column":6},"end":{"line":52,"column":7}},"20":{"start":{"line":51,"column":8},"end":{"line":51,"column":15}},"21":{"start":{"line":53,"column":6},"end":{"line":53,"column":33}},"22":{"start":{"line":58,"column":0},"end":{"line":58,"column":22}}},"fnMap":{"0":{"name":"(anonymous_0)","decl":{"start":{"line":18,"column":18},"end":{"line":18,"column":19}},"loc":{"start":{"line":18,"column":29},"end":{"line":33,"column":5}}},"1":{"name":"(anonymous_1)","decl":{"start":{"line":19,"column":25},"end":{"line":19,"column":26}},"loc":{"start":{"line":19,"column":46},"end":{"line":32,"column":7}}},"2":{"name":"(anonymous_2)","decl":{"start":{"line":20,"column":26},"end":{"line":20,"column":27}},"loc":{"start":{"line":20,"column":41},"end":{"line":31,"column":9}}},"3":{"name":"(anonymous_3)","decl":{"start":{"line":24,"column":49},"end":{"line":24,"column":50}},"loc":{"start":{"line":24,"column":68},"end":{"line":30,"column":11}}},"4":{"name":"(anonymous_4)","decl":{"start":{"line":34,"column":19},"end":{"line":34,"column":20}},"loc":{"start":{"line":34,"column":38},"end":{"line":43,"column":5}}},"5":{"name":"(anonymous_5)","decl":{"start":{"line":35,"column":25},"end":{"line":35,"column":26}},"loc":{"start":{"line":35,"column":46},"end":{"line":42,"column":7}}},"6":{"name":"(anonymous_6)","decl":{"start":{"line":36,"column":48},"end":{"line":36,"column":49}},"loc":{"start":{"line":36,"column":66},"end":{"line":41,"column":9}}},"7":{"name":"(anonymous_7)","decl":{"start":{"line":46,"column":18},"end":{"line":46,"column":19}},"loc":{"start":{"line":46,"column":33},"end":{"line":48,"column":5}}},"8":{"name":"(anonymous_8)","decl":{"start":{"line":49,"column":18},"end":{"line":49,"column":19}},"loc":{"start":{"line":49,"column":33},"end":{"line":54,"column":5}}}},"branchMap":{"0":{"loc":{"start":{"line":21,"column":10},"end":{"line":23,"column":11}},"type":"if","locations":[{"start":{"line":21,"column":10},"end":{"line":23,"column":11}},{"start":{"line":21,"column":10},"end":{"line":23,"column":11}}]},"1":{"loc":{"start":{"line":25,"column":12},"end":{"line":27,"column":13}},"type":"if","locations":[{"start":{"line":25,"column":12},"end":{"line":27,"column":13}},{"start":{"line":25,"column":12},"end":{"line":27,"column":13}}]},"2":{"loc":{"start":{"line":37,"column":10},"end":{"line":39,"column":11}},"type":"if","locations":[{"start":{"line":37,"column":10},"end":{"line":39,"column":11}},{"start":{"line":37,"column":10},"end":{"line":39,"column":11}}]},"3":{"loc":{"start":{"line":50,"column":6},"end":{"line":52,"column":7}},"type":"if","locations":[{"start":{"line":50,"column":6},"end":{"line":52,"column":7}},{"start":{"line":50,"column":6},"end":{"line":52,"column":7}}]}},"s":{"0":2,"1":2,"2":2,"3":2,"4":0,"5":0,"6":0,"7":0,"8":0,"9":0,"10":0,"11":0,"12":0,"13":0,"14":0,"15":0,"16":0,"17":0,"18":0,"19":0,"20":0,"21":0,"22":2},"f":{"0":0,"1":0,"2":0,"3":0,"4":0,"5":0,"6":0,"7":0,"8":0},"b":{"0":[0,0],"1":[0,0],"2":[0,0],"3":[0,0]},"_coverageSchema":"332fd63041d2c1bcb487cc26dd0d5f7d97098a6c","hash":"14fa8356255c1b6f1d7c60d1a1aee000bd52b97c"}
,"/Users/josephstephens/Desktop/FullStack/FS_SeniorPhase/capstone/server/routes/index.js": {"path":"/Users/josephstephens/Desktop/FullStack/FS_SeniorPhase/capstone/server/routes/index.js","statementMap":{"0":{"start":{"line":4,"column":16},"end":{"line":4,"column":34}},"1":{"start":{"line":5,"column":15},"end":{"line":5,"column":29}},"2":{"start":{"line":6,"column":15},"end":{"line":6,"column":27}},"3":{"start":{"line":7,"column":13},"end":{"line":7,"column":28}},"4":{"start":{"line":9,"column":0},"end":{"line":9,"column":54}},"5":{"start":{"line":11,"column":0},"end":{"line":14,"column":3}},"6":{"start":{"line":13,"column":2},"end":{"line":13,"column":65}},"7":{"start":{"line":16,"column":0},"end":{"line":16,"column":24}}},"fnMap":{"0":{"name":"(anonymous_0)","decl":{"start":{"line":11,"column":17},"end":{"line":11,"column":18}},"loc":{"start":{"line":11,"column":31},"end":{"line":14,"column":1}}}},"branchMap":{},"s":{"0":2,"1":2,"2":2,"3":2,"4":2,"5":2,"6":1,"7":2},"f":{"0":1},"b":{},"_coverageSchema":"332fd63041d2c1bcb487cc26dd0d5f7d97098a6c","hash":"c422b286a1e17346fe343196968f86435df444bd"}
,"/Users/josephstephens/Desktop/FullStack/FS_SeniorPhase/capstone/server/routes/api/auth.js": {"path":"/Users/josephstephens/Desktop/FullStack/FS_SeniorPhase/capstone/server/routes/api/auth.js","statementMap":{"0":{"start":{"line":3,"column":14},"end":{"line":3,"column":32}},"1":{"start":{"line":4,"column":13},"end":{"line":4,"column":27}},"2":{"start":{"line":5,"column":13},"end":{"line":5,"column":25}},"3":{"start":{"line":7,"column":15},"end":{"line":7,"column":34}},"4":{"start":{"line":10,"column":20},"end":{"line":10,"column":54}},"5":{"start":{"line":12,"column":0},"end":{"line":38,"column":4}},"6":{"start":{"line":16,"column":2},"end":{"line":37,"column":14}},"7":{"start":{"line":22,"column":4},"end":{"line":29,"column":5}},"8":{"start":{"line":23,"column":6},"end":{"line":25,"column":13}},"9":{"start":{"line":28,"column":6},"end":{"line":28,"column":65}},"10":{"start":{"line":32,"column":4},"end":{"line":35,"column":5}},"11":{"start":{"line":34,"column":6},"end":{"line":34,"column":99}},"12":{"start":{"line":41,"column":0},"end":{"line":53,"column":3}},"13":{"start":{"line":42,"column":2},"end":{"line":52,"column":21}},"14":{"start":{"line":43,"column":4},"end":{"line":43,"column":32}},"15":{"start":{"line":43,"column":14},"end":{"line":43,"column":31}},"16":{"start":{"line":44,"column":4},"end":{"line":51,"column":5}},"17":{"start":{"line":45,"column":6},"end":{"line":48,"column":9}},"18":{"start":{"line":46,"column":8},"end":{"line":46,"column":46}},"19":{"start":{"line":46,"column":23},"end":{"line":46,"column":45}},"20":{"start":{"line":47,"column":8},"end":{"line":47,"column":30}},"21":{"start":{"line":50,"column":6},"end":{"line":50,"column":43}},"22":{"start":{"line":56,"column":0},"end":{"line":59,"column":3}},"23":{"start":{"line":57,"column":2},"end":{"line":58,"column":15}},"24":{"start":{"line":62,"column":0},"end":{"line":65,"column":3}},"25":{"start":{"line":63,"column":2},"end":{"line":63,"column":24}},"26":{"start":{"line":64,"column":2},"end":{"line":64,"column":13}},"27":{"start":{"line":67,"column":0},"end":{"line":67,"column":24}}},"fnMap":{"0":{"name":"(anonymous_0)","decl":{"start":{"line":15,"column":0},"end":{"line":15,"column":1}},"loc":{"start":{"line":15,"column":33},"end":{"line":38,"column":1}}},"1":{"name":"(anonymous_1)","decl":{"start":{"line":21,"column":7},"end":{"line":21,"column":8}},"loc":{"start":{"line":21,"column":23},"end":{"line":30,"column":3}}},"2":{"name":"(anonymous_2)","decl":{"start":{"line":31,"column":7},"end":{"line":31,"column":8}},"loc":{"start":{"line":31,"column":25},"end":{"line":36,"column":3}}},"3":{"name":"(anonymous_3)","decl":{"start":{"line":41,"column":17},"end":{"line":41,"column":18}},"loc":{"start":{"line":41,"column":43},"end":{"line":53,"column":1}}},"4":{"name":"(anonymous_4)","decl":{"start":{"line":42,"column":33},"end":{"line":42,"column":34}},"loc":{"start":{"line":42,"column":63},"end":{"line":52,"column":3}}},"5":{"name":"(anonymous_5)","decl":{"start":{"line":45,"column":22},"end":{"line":45,"column":23}},"loc":{"start":{"line":45,"column":42},"end":{"line":48,"column":7}}},"6":{"name":"(anonymous_6)","decl":{"start":{"line":56,"column":16},"end":{"line":56,"column":17}},"loc":{"start":{"line":56,"column":42},"end":{"line":59,"column":1}}},"7":{"name":"(anonymous_7)","decl":{"start":{"line":62,"column":19},"end":{"line":62,"column":20}},"loc":{"start":{"line":62,"column":45},"end":{"line":65,"column":1}}}},"branchMap":{"0":{"loc":{"start":{"line":22,"column":4},"end":{"line":29,"column":5}},"type":"if","locations":[{"start":{"line":22,"column":4},"end":{"line":29,"column":5}},{"start":{"line":22,"column":4},"end":{"line":29,"column":5}}]},"1":{"loc":{"start":{"line":32,"column":4},"end":{"line":35,"column":5}},"type":"if","locations":[{"start":{"line":32,"column":4},"end":{"line":35,"column":5}},{"start":{"line":32,"column":4},"end":{"line":35,"column":5}}]},"2":{"loc":{"start":{"line":34,"column":6},"end":{"line":34,"column":98}},"type":"cond-expr","locations":[{"start":{"line":34,"column":24},"end":{"line":34,"column":40}},{"start":{"line":34,"column":43},"end":{"line":34,"column":98}}]},"3":{"loc":{"start":{"line":43,"column":4},"end":{"line":43,"column":32}},"type":"if","locations":[{"start":{"line":43,"column":4},"end":{"line":43,"column":32}},{"start":{"line":43,"column":4},"end":{"line":43,"column":32}}]},"4":{"loc":{"start":{"line":44,"column":4},"end":{"line":51,"column":5}},"type":"if","locations":[{"start":{"line":44,"column":4},"end":{"line":51,"column":5}},{"start":{"line":44,"column":4},"end":{"line":51,"column":5}}]},"5":{"loc":{"start":{"line":46,"column":8},"end":{"line":46,"column":46}},"type":"if","locations":[{"start":{"line":46,"column":8},"end":{"line":46,"column":46}},{"start":{"line":46,"column":8},"end":{"line":46,"column":46}}]},"6":{"loc":{"start":{"line":57,"column":2},"end":{"line":58,"column":14}},"type":"cond-expr","locations":[{"start":{"line":57,"column":26},"end":{"line":57,"column":44}},{"start":{"line":58,"column":2},"end":{"line":58,"column":14}}]}},"s":{"0":0,"1":0,"2":0,"3":0,"4":0,"5":0,"6":0,"7":0,"8":0,"9":0,"10":0,"11":0,"12":0,"13":0,"14":0,"15":0,"16":0,"17":0,"18":0,"19":0,"20":0,"21":0,"22":0,"23":0,"24":0,"25":0,"26":0,"27":0},"f":{"0":0,"1":0,"2":0,"3":0,"4":0,"5":0,"6":0,"7":0},"b":{"0":[0,0],"1":[0,0],"2":[0,0],"3":[0,0],"4":[0,0],"5":[0,0],"6":[0,0]}}
,"/Users/josephstephens/Desktop/FullStack/FS_SeniorPhase/capstone/server/routes/api/board.js": {"path":"/Users/josephstephens/Desktop/FullStack/FS_SeniorPhase/capstone/server/routes/api/board.js","statementMap":{"0":{"start":{"line":3,"column":16},"end":{"line":3,"column":34}},"1":{"start":{"line":4,"column":15},"end":{"line":4,"column":31}},"2":{"start":{"line":5,"column":45},"end":{"line":5,"column":75}},"3":{"start":{"line":8,"column":0},"end":{"line":33,"column":3}},"4":{"start":{"line":9,"column":19},"end":{"line":9,"column":21}},"5":{"start":{"line":10,"column":29},"end":{"line":10,"column":31}},"6":{"start":{"line":12,"column":2},"end":{"line":22,"column":3}},"7":{"start":{"line":13,"column":4},"end":{"line":18,"column":6}},"8":{"start":{"line":19,"column":4},"end":{"line":21,"column":6}},"9":{"start":{"line":25,"column":2},"end":{"line":32,"column":17}},"10":{"start":{"line":30,"column":6},"end":{"line":30,"column":38}},"11":{"start":{"line":36,"column":0},"end":{"line":43,"column":3}},"12":{"start":{"line":37,"column":18},"end":{"line":37,"column":36}},"13":{"start":{"line":38,"column":2},"end":{"line":42,"column":17}},"14":{"start":{"line":40,"column":6},"end":{"line":40,"column":22}},"15":{"start":{"line":45,"column":0},"end":{"line":72,"column":3}},"16":{"start":{"line":46,"column":20},"end":{"line":46,"column":38}},"17":{"start":{"line":47,"column":2},"end":{"line":71,"column":17}},"18":{"start":{"line":52,"column":6},"end":{"line":52,"column":64}},"19":{"start":{"line":55,"column":6},"end":{"line":66,"column":9}},"20":{"start":{"line":64,"column":12},"end":{"line":64,"column":51}},"21":{"start":{"line":69,"column":6},"end":{"line":69,"column":22}},"22":{"start":{"line":75,"column":0},"end":{"line":87,"column":3}},"23":{"start":{"line":76,"column":18},"end":{"line":76,"column":20}},"24":{"start":{"line":77,"column":2},"end":{"line":77,"column":50}},"25":{"start":{"line":77,"column":21},"end":{"line":77,"column":50}},"26":{"start":{"line":78,"column":2},"end":{"line":78,"column":47}},"27":{"start":{"line":78,"column":20},"end":{"line":78,"column":47}},"28":{"start":{"line":80,"column":2},"end":{"line":86,"column":17}},"29":{"start":{"line":85,"column":19},"end":{"line":85,"column":34}},"30":{"start":{"line":89,"column":0},"end":{"line":97,"column":3}},"31":{"start":{"line":90,"column":2},"end":{"line":96,"column":17}},"32":{"start":{"line":95,"column":22},"end":{"line":95,"column":38}},"33":{"start":{"line":99,"column":0},"end":{"line":102,"column":3}},"34":{"start":{"line":100,"column":2},"end":{"line":100,"column":58}},"35":{"start":{"line":101,"column":2},"end":{"line":101,"column":12}},"36":{"start":{"line":105,"column":0},"end":{"line":105,"column":24}}},"fnMap":{"0":{"name":"(anonymous_0)","decl":{"start":{"line":8,"column":16},"end":{"line":8,"column":17}},"loc":{"start":{"line":8,"column":36},"end":{"line":33,"column":1}}},"1":{"name":"(anonymous_1)","decl":{"start":{"line":29,"column":10},"end":{"line":29,"column":11}},"loc":{"start":{"line":29,"column":39},"end":{"line":31,"column":5}}},"2":{"name":"(anonymous_2)","decl":{"start":{"line":36,"column":24},"end":{"line":36,"column":25}},"loc":{"start":{"line":36,"column":44},"end":{"line":43,"column":1}}},"3":{"name":"(anonymous_3)","decl":{"start":{"line":39,"column":10},"end":{"line":39,"column":11}},"loc":{"start":{"line":39,"column":21},"end":{"line":41,"column":5}}},"4":{"name":"(anonymous_4)","decl":{"start":{"line":45,"column":17},"end":{"line":45,"column":18}},"loc":{"start":{"line":45,"column":37},"end":{"line":72,"column":1}}},"5":{"name":"(anonymous_5)","decl":{"start":{"line":51,"column":10},"end":{"line":51,"column":11}},"loc":{"start":{"line":51,"column":19},"end":{"line":53,"column":5}}},"6":{"name":"(anonymous_6)","decl":{"start":{"line":54,"column":10},"end":{"line":54,"column":11}},"loc":{"start":{"line":54,"column":37},"end":{"line":67,"column":5}}},"7":{"name":"(anonymous_7)","decl":{"start":{"line":63,"column":16},"end":{"line":63,"column":17}},"loc":{"start":{"line":63,"column":23},"end":{"line":65,"column":11}}},"8":{"name":"(anonymous_8)","decl":{"start":{"line":68,"column":10},"end":{"line":68,"column":11}},"loc":{"start":{"line":68,"column":38},"end":{"line":70,"column":5}}},"9":{"name":"(anonymous_9)","decl":{"start":{"line":75,"column":19},"end":{"line":75,"column":20}},"loc":{"start":{"line":75,"column":39},"end":{"line":87,"column":1}}},"10":{"name":"(anonymous_10)","decl":{"start":{"line":85,"column":10},"end":{"line":85,"column":11}},"loc":{"start":{"line":85,"column":19},"end":{"line":85,"column":34}}},"11":{"name":"(anonymous_11)","decl":{"start":{"line":89,"column":22},"end":{"line":89,"column":23}},"loc":{"start":{"line":89,"column":42},"end":{"line":97,"column":1}}},"12":{"name":"(anonymous_12)","decl":{"start":{"line":95,"column":10},"end":{"line":95,"column":11}},"loc":{"start":{"line":95,"column":22},"end":{"line":95,"column":38}}},"13":{"name":"(anonymous_13)","decl":{"start":{"line":99,"column":11},"end":{"line":99,"column":12}},"loc":{"start":{"line":99,"column":36},"end":{"line":102,"column":1}}}},"branchMap":{"0":{"loc":{"start":{"line":12,"column":2},"end":{"line":22,"column":3}},"type":"if","locations":[{"start":{"line":12,"column":2},"end":{"line":22,"column":3}},{"start":{"line":12,"column":2},"end":{"line":22,"column":3}}]},"1":{"loc":{"start":{"line":77,"column":2},"end":{"line":77,"column":50}},"type":"if","locations":[{"start":{"line":77,"column":2},"end":{"line":77,"column":50}},{"start":{"line":77,"column":2},"end":{"line":77,"column":50}}]},"2":{"loc":{"start":{"line":78,"column":2},"end":{"line":78,"column":47}},"type":"if","locations":[{"start":{"line":78,"column":2},"end":{"line":78,"column":47}},{"start":{"line":78,"column":2},"end":{"line":78,"column":47}}]}},"s":{"0":1,"1":1,"2":1,"3":1,"4":3,"5":3,"6":3,"7":3,"8":3,"9":3,"10":3,"11":1,"12":2,"13":2,"14":2,"15":1,"16":1,"17":1,"18":1,"19":1,"20":1,"21":1,"22":1,"23":1,"24":1,"25":1,"26":1,"27":1,"28":1,"29":1,"30":1,"31":1,"32":1,"33":1,"34":0,"35":0,"36":1},"f":{"0":3,"1":3,"2":2,"3":2,"4":1,"5":1,"6":1,"7":1,"8":1,"9":1,"10":1,"11":1,"12":1,"13":0},"b":{"0":[3,0],"1":[1,0],"2":[1,0]},"_coverageSchema":"332fd63041d2c1bcb487cc26dd0d5f7d97098a6c","hash":"bcb2c91058032492ebd96dab1325bcdd29b2064b"}
,"/Users/josephstephens/Desktop/FullStack/FS_SeniorPhase/capstone/server/routes/api/index.js": {"path":"/Users/josephstephens/Desktop/FullStack/FS_SeniorPhase/capstone/server/routes/api/index.js","statementMap":{"0":{"start":{"line":3,"column":10},"end":{"line":3,"column":54}},"1":{"start":{"line":5,"column":0},"end":{"line":10,"column":32}},"2":{"start":{"line":13,"column":0},"end":{"line":16,"column":3}},"3":{"start":{"line":14,"column":2},"end":{"line":14,"column":37}},"4":{"start":{"line":15,"column":2},"end":{"line":15,"column":28}},"5":{"start":{"line":19,"column":0},"end":{"line":19,"column":87}}},"fnMap":{"0":{"name":"(anonymous_0)","decl":{"start":{"line":6,"column":18},"end":{"line":6,"column":19}},"loc":{"start":{"line":6,"column":64},"end":{"line":6,"column":96}}},"1":{"name":"(anonymous_1)","decl":{"start":{"line":13,"column":8},"end":{"line":13,"column":9}},"loc":{"start":{"line":13,"column":39},"end":{"line":16,"column":1}}},"2":{"name":"(anonymous_2)","decl":{"start":{"line":19,"column":8},"end":{"line":19,"column":9}},"loc":{"start":{"line":19,"column":54},"end":{"line":19,"column":85}}}},"branchMap":{},"s":{"0":0,"1":0,"2":0,"3":0,"4":0,"5":0},"f":{"0":0,"1":0,"2":0},"b":{}}
,"/Users/josephstephens/Desktop/FullStack/FS_SeniorPhase/capstone/server/routes/api/note.js": {"path":"/Users/josephstephens/Desktop/FullStack/FS_SeniorPhase/capstone/server/routes/api/note.js","statementMap":{"0":{"start":{"line":3,"column":15},"end":{"line":3,"column":40}},"1":{"start":{"line":4,"column":28},"end":{"line":4,"column":57}},"2":{"start":{"line":5,"column":15},"end":{"line":5,"column":44}},"3":{"start":{"line":7,"column":0},"end":{"line":29,"column":3}},"4":{"start":{"line":8,"column":20},"end":{"line":8,"column":33}},"5":{"start":{"line":10,"column":2},"end":{"line":15,"column":3}},"6":{"start":{"line":11,"column":4},"end":{"line":14,"column":7}},"7":{"start":{"line":16,"column":2},"end":{"line":21,"column":3}},"8":{"start":{"line":17,"column":4},"end":{"line":20,"column":7}},"9":{"start":{"line":22,"column":2},"end":{"line":24,"column":3}},"10":{"start":{"line":23,"column":4},"end":{"line":23,"column":38}},"11":{"start":{"line":26,"column":2},"end":{"line":28,"column":17}},"12":{"start":{"line":27,"column":19},"end":{"line":27,"column":34}},"13":{"start":{"line":31,"column":0},"end":{"line":35,"column":3}},"14":{"start":{"line":32,"column":2},"end":{"line":34,"column":17}},"15":{"start":{"line":33,"column":18},"end":{"line":33,"column":32}},"16":{"start":{"line":37,"column":0},"end":{"line":54,"column":3}},"17":{"start":{"line":38,"column":2},"end":{"line":53,"column":17}},"18":{"start":{"line":47,"column":31},"end":{"line":51,"column":6}},"19":{"start":{"line":52,"column":24},"end":{"line":52,"column":38}},"20":{"start":{"line":56,"column":0},"end":{"line":66,"column":3}},"21":{"start":{"line":57,"column":18},"end":{"line":57,"column":20}},"22":{"start":{"line":58,"column":2},"end":{"line":58,"column":59}},"23":{"start":{"line":58,"column":24},"end":{"line":58,"column":59}},"24":{"start":{"line":59,"column":2},"end":{"line":59,"column":53}},"25":{"start":{"line":59,"column":22},"end":{"line":59,"column":53}},"26":{"start":{"line":60,"column":2},"end":{"line":60,"column":47}},"27":{"start":{"line":60,"column":20},"end":{"line":60,"column":47}},"28":{"start":{"line":61,"column":2},"end":{"line":61,"column":50}},"29":{"start":{"line":61,"column":21},"end":{"line":61,"column":50}},"30":{"start":{"line":63,"column":2},"end":{"line":65,"column":17}},"31":{"start":{"line":64,"column":18},"end":{"line":64,"column":37}},"32":{"start":{"line":68,"column":0},"end":{"line":72,"column":3}},"33":{"start":{"line":69,"column":2},"end":{"line":71,"column":17}},"34":{"start":{"line":70,"column":16},"end":{"line":70,"column":35}},"35":{"start":{"line":74,"column":0},"end":{"line":77,"column":3}},"36":{"start":{"line":75,"column":2},"end":{"line":75,"column":52}},"37":{"start":{"line":76,"column":2},"end":{"line":76,"column":12}}},"fnMap":{"0":{"name":"(anonymous_0)","decl":{"start":{"line":7,"column":16},"end":{"line":7,"column":17}},"loc":{"start":{"line":7,"column":36},"end":{"line":29,"column":1}}},"1":{"name":"(anonymous_1)","decl":{"start":{"line":27,"column":10},"end":{"line":27,"column":11}},"loc":{"start":{"line":27,"column":19},"end":{"line":27,"column":34}}},"2":{"name":"(anonymous_2)","decl":{"start":{"line":31,"column":19},"end":{"line":31,"column":20}},"loc":{"start":{"line":31,"column":39},"end":{"line":35,"column":1}}},"3":{"name":"(anonymous_3)","decl":{"start":{"line":33,"column":10},"end":{"line":33,"column":11}},"loc":{"start":{"line":33,"column":18},"end":{"line":33,"column":32}}},"4":{"name":"(anonymous_4)","decl":{"start":{"line":37,"column":17},"end":{"line":37,"column":18}},"loc":{"start":{"line":37,"column":37},"end":{"line":54,"column":1}}},"5":{"name":"(anonymous_5)","decl":{"start":{"line":47,"column":10},"end":{"line":47,"column":11}},"loc":{"start":{"line":47,"column":31},"end":{"line":51,"column":6}}},"6":{"name":"(anonymous_6)","decl":{"start":{"line":52,"column":10},"end":{"line":52,"column":11}},"loc":{"start":{"line":52,"column":24},"end":{"line":52,"column":38}}},"7":{"name":"(anonymous_7)","decl":{"start":{"line":56,"column":19},"end":{"line":56,"column":20}},"loc":{"start":{"line":56,"column":39},"end":{"line":66,"column":1}}},"8":{"name":"(anonymous_8)","decl":{"start":{"line":64,"column":10},"end":{"line":64,"column":11}},"loc":{"start":{"line":64,"column":18},"end":{"line":64,"column":37}}},"9":{"name":"(anonymous_9)","decl":{"start":{"line":68,"column":22},"end":{"line":68,"column":23}},"loc":{"start":{"line":68,"column":42},"end":{"line":72,"column":1}}},"10":{"name":"(anonymous_10)","decl":{"start":{"line":70,"column":10},"end":{"line":70,"column":11}},"loc":{"start":{"line":70,"column":16},"end":{"line":70,"column":35}}},"11":{"name":"(anonymous_11)","decl":{"start":{"line":74,"column":11},"end":{"line":74,"column":12}},"loc":{"start":{"line":74,"column":36},"end":{"line":77,"column":1}}}},"branchMap":{"0":{"loc":{"start":{"line":10,"column":2},"end":{"line":15,"column":3}},"type":"if","locations":[{"start":{"line":10,"column":2},"end":{"line":15,"column":3}},{"start":{"line":10,"column":2},"end":{"line":15,"column":3}}]},"1":{"loc":{"start":{"line":10,"column":6},"end":{"line":10,"column":35}},"type":"binary-expr","locations":[{"start":{"line":10,"column":6},"end":{"line":10,"column":15}},{"start":{"line":10,"column":19},"end":{"line":10,"column":35}}]},"2":{"loc":{"start":{"line":16,"column":2},"end":{"line":21,"column":3}},"type":"if","locations":[{"start":{"line":16,"column":2},"end":{"line":21,"column":3}},{"start":{"line":16,"column":2},"end":{"line":21,"column":3}}]},"3":{"loc":{"start":{"line":16,"column":6},"end":{"line":16,"column":36}},"type":"binary-expr","locations":[{"start":{"line":16,"column":6},"end":{"line":16,"column":15}},{"start":{"line":16,"column":19},"end":{"line":16,"column":36}}]},"4":{"loc":{"start":{"line":22,"column":2},"end":{"line":24,"column":3}},"type":"if","locations":[{"start":{"line":22,"column":2},"end":{"line":24,"column":3}},{"start":{"line":22,"column":2},"end":{"line":24,"column":3}}]},"5":{"loc":{"start":{"line":22,"column":6},"end":{"line":22,"column":34}},"type":"binary-expr","locations":[{"start":{"line":22,"column":6},"end":{"line":22,"column":15}},{"start":{"line":22,"column":19},"end":{"line":22,"column":34}}]},"6":{"loc":{"start":{"line":42,"column":15},"end":{"line":42,"column":35}},"type":"binary-expr","locations":[{"start":{"line":42,"column":15},"end":{"line":42,"column":27}},{"start":{"line":42,"column":31},"end":{"line":42,"column":35}}]},"7":{"loc":{"start":{"line":43,"column":15},"end":{"line":43,"column":35}},"type":"binary-expr","locations":[{"start":{"line":43,"column":15},"end":{"line":43,"column":27}},{"start":{"line":43,"column":31},"end":{"line":43,"column":35}}]},"8":{"loc":{"start":{"line":58,"column":2},"end":{"line":58,"column":59}},"type":"if","locations":[{"start":{"line":58,"column":2},"end":{"line":58,"column":59}},{"start":{"line":58,"column":2},"end":{"line":58,"column":59}}]},"9":{"loc":{"start":{"line":59,"column":2},"end":{"line":59,"column":53}},"type":"if","locations":[{"start":{"line":59,"column":2},"end":{"line":59,"column":53}},{"start":{"line":59,"column":2},"end":{"line":59,"column":53}}]},"10":{"loc":{"start":{"line":60,"column":2},"end":{"line":60,"column":47}},"type":"if","locations":[{"start":{"line":60,"column":2},"end":{"line":60,"column":47}},{"start":{"line":60,"column":2},"end":{"line":60,"column":47}}]},"11":{"loc":{"start":{"line":61,"column":2},"end":{"line":61,"column":50}},"type":"if","locations":[{"start":{"line":61,"column":2},"end":{"line":61,"column":50}},{"start":{"line":61,"column":2},"end":{"line":61,"column":50}}]}},"s":{"0":1,"1":1,"2":1,"3":1,"4":5,"5":5,"6":1,"7":5,"8":1,"9":5,"10":3,"11":5,"12":5,"13":1,"14":1,"15":1,"16":1,"17":0,"18":0,"19":0,"20":1,"21":0,"22":0,"23":0,"24":0,"25":0,"26":0,"27":0,"28":0,"29":0,"30":0,"31":0,"32":1,"33":0,"34":0,"35":1,"36":0,"37":0},"f":{"0":5,"1":5,"2":1,"3":1,"4":0,"5":0,"6":0,"7":0,"8":0,"9":0,"10":0,"11":0},"b":{"0":[1,4],"1":[5,5],"2":[1,4],"3":[5,5],"4":[3,2],"5":[5,5],"6":[0,0],"7":[0,0],"8":[0,0],"9":[0,0],"10":[0,0],"11":[0,0]},"_coverageSchema":"332fd63041d2c1bcb487cc26dd0d5f7d97098a6c","hash":"3c1b1b89b384d4dec283faf687b006d27db39b5d"}
,"/Users/josephstephens/Desktop/FullStack/FS_SeniorPhase/capstone/server/routes/api/user.js": {"path":"/Users/josephstephens/Desktop/FullStack/FS_SeniorPhase/capstone/server/routes/api/user.js","statementMap":{"0":{"start":{"line":3,"column":14},"end":{"line":3,"column":32}},"1":{"start":{"line":4,"column":13},"end":{"line":4,"column":27}},"2":{"start":{"line":5,"column":13},"end":{"line":5,"column":25}},"3":{"start":{"line":7,"column":12},"end":{"line":7,"column":28}},"4":{"start":{"line":11,"column":0},"end":{"line":27,"column":3}},"5":{"start":{"line":12,"column":2},"end":{"line":26,"column":14}},"6":{"start":{"line":15,"column":4},"end":{"line":18,"column":5}},"7":{"start":{"line":15,"column":14},"end":{"line":15,"column":34}},"8":{"start":{"line":17,"column":6},"end":{"line":17,"column":35}},"9":{"start":{"line":21,"column":4},"end":{"line":24,"column":7}},"10":{"start":{"line":22,"column":6},"end":{"line":22,"column":34}},"11":{"start":{"line":22,"column":16},"end":{"line":22,"column":33}},"12":{"start":{"line":23,"column":6},"end":{"line":23,"column":28}},"13":{"start":{"line":30,"column":0},"end":{"line":34,"column":3}},"14":{"start":{"line":31,"column":2},"end":{"line":33,"column":14}},"15":{"start":{"line":37,"column":0},"end":{"line":41,"column":3}},"16":{"start":{"line":38,"column":2},"end":{"line":40,"column":14}},"17":{"start":{"line":43,"column":0},"end":{"line":43,"column":24}}},"fnMap":{"0":{"name":"(anonymous_0)","decl":{"start":{"line":11,"column":17},"end":{"line":11,"column":18}},"loc":{"start":{"line":11,"column":43},"end":{"line":27,"column":1}}},"1":{"name":"(anonymous_1)","decl":{"start":{"line":14,"column":7},"end":{"line":14,"column":8}},"loc":{"start":{"line":14,"column":23},"end":{"line":19,"column":3}}},"2":{"name":"(anonymous_2)","decl":{"start":{"line":20,"column":7},"end":{"line":20,"column":8}},"loc":{"start":{"line":20,"column":23},"end":{"line":25,"column":3}}},"3":{"name":"(anonymous_3)","decl":{"start":{"line":21,"column":20},"end":{"line":21,"column":21}},"loc":{"start":{"line":21,"column":35},"end":{"line":24,"column":5}}},"4":{"name":"(anonymous_4)","decl":{"start":{"line":30,"column":16},"end":{"line":30,"column":17}},"loc":{"start":{"line":30,"column":42},"end":{"line":34,"column":1}}},"5":{"name":"(anonymous_5)","decl":{"start":{"line":32,"column":7},"end":{"line":32,"column":8}},"loc":{"start":{"line":32,"column":50},"end":{"line":32,"column":75}}},"6":{"name":"(anonymous_6)","decl":{"start":{"line":37,"column":22},"end":{"line":37,"column":23}},"loc":{"start":{"line":37,"column":48},"end":{"line":41,"column":1}}},"7":{"name":"(anonymous_7)","decl":{"start":{"line":39,"column":7},"end":{"line":39,"column":8}},"loc":{"start":{"line":39,"column":45},"end":{"line":39,"column":74}}}},"branchMap":{"0":{"loc":{"start":{"line":15,"column":4},"end":{"line":18,"column":5}},"type":"if","locations":[{"start":{"line":15,"column":4},"end":{"line":18,"column":5}},{"start":{"line":15,"column":4},"end":{"line":18,"column":5}}]},"1":{"loc":{"start":{"line":22,"column":6},"end":{"line":22,"column":34}},"type":"if","locations":[{"start":{"line":22,"column":6},"end":{"line":22,"column":34}},{"start":{"line":22,"column":6},"end":{"line":22,"column":34}}]}},"s":{"0":0,"1":0,"2":0,"3":0,"4":0,"5":0,"6":0,"7":0,"8":0,"9":0,"10":0,"11":0,"12":0,"13":0,"14":0,"15":0,"16":0,"17":0},"f":{"0":0,"1":0,"2":0,"3":0,"4":0,"5":0,"6":0,"7":0},"b":{"0":[0,0],"1":[0,0]}}
,"/Users/josephstephens/Desktop/FullStack/FS_SeniorPhase/capstone/server/sockets/index.js": {"path":"/Users/josephstephens/Desktop/FullStack/FS_SeniorPhase/capstone/server/sockets/index.js","statementMap":{"0":{"start":{"line":3,"column":17},"end":{"line":3,"column":37}},"1":{"start":{"line":5,"column":27},"end":{"line":5,"column":56}},"2":{"start":{"line":8,"column":20},"end":{"line":8,"column":22}},"3":{"start":{"line":11,"column":21},"end":{"line":11,"column":23}},"4":{"start":{"line":13,"column":0},"end":{"line":127,"column":2}},"5":{"start":{"line":14,"column":13},"end":{"line":14,"column":29}},"6":{"start":{"line":17,"column":2},"end":{"line":19,"column":5}},"7":{"start":{"line":18,"column":4},"end":{"line":18,"column":67}},"8":{"start":{"line":24,"column":2},"end":{"line":89,"column":5}},"9":{"start":{"line":25,"column":4},"end":{"line":25,"column":73}},"10":{"start":{"line":26,"column":4},"end":{"line":26,"column":39}},"11":{"start":{"line":27,"column":4},"end":{"line":27,"column":96}},"12":{"start":{"line":30,"column":20},"end":{"line":30,"column":34}},"13":{"start":{"line":31,"column":4},"end":{"line":36,"column":6}},"14":{"start":{"line":32,"column":19},"end":{"line":32,"column":36}},"15":{"start":{"line":33,"column":6},"end":{"line":33,"column":34}},"16":{"start":{"line":34,"column":6},"end":{"line":34,"column":41}},"17":{"start":{"line":35,"column":6},"end":{"line":35,"column":33}},"18":{"start":{"line":38,"column":4},"end":{"line":47,"column":7}},"19":{"start":{"line":40,"column":6},"end":{"line":40,"column":36}},"20":{"start":{"line":42,"column":6},"end":{"line":42,"column":35}},"21":{"start":{"line":44,"column":6},"end":{"line":44,"column":26}},"22":{"start":{"line":45,"column":6},"end":{"line":45,"column":76}},"23":{"start":{"line":46,"column":6},"end":{"line":46,"column":96}},"24":{"start":{"line":50,"column":4},"end":{"line":56,"column":7}},"25":{"start":{"line":51,"column":6},"end":{"line":51,"column":60}},"26":{"start":{"line":52,"column":6},"end":{"line":55,"column":7}},"27":{"start":{"line":54,"column":8},"end":{"line":54,"column":48}},"28":{"start":{"line":65,"column":4},"end":{"line":73,"column":7}},"29":{"start":{"line":67,"column":6},"end":{"line":67,"column":24}},"30":{"start":{"line":69,"column":6},"end":{"line":69,"column":44}},"31":{"start":{"line":70,"column":6},"end":{"line":70,"column":117}},"32":{"start":{"line":72,"column":6},"end":{"line":72,"column":135}},"33":{"start":{"line":82,"column":4},"end":{"line":87,"column":7}},"34":{"start":{"line":83,"column":6},"end":{"line":83,"column":36}},"35":{"start":{"line":84,"column":6},"end":{"line":84,"column":35}},"36":{"start":{"line":85,"column":6},"end":{"line":85,"column":26}},"37":{"start":{"line":86,"column":6},"end":{"line":86,"column":135}},"38":{"start":{"line":97,"column":24},"end":{"line":97,"column":36}},"39":{"start":{"line":98,"column":4},"end":{"line":98,"column":50}},"40":{"start":{"line":99,"column":4},"end":{"line":99,"column":41}},"41":{"start":{"line":104,"column":4},"end":{"line":111,"column":5}},"42":{"start":{"line":105,"column":6},"end":{"line":110,"column":7}},"43":{"start":{"line":106,"column":8},"end":{"line":109,"column":9}},"44":{"start":{"line":107,"column":10},"end":{"line":107,"column":26}},"45":{"start":{"line":108,"column":10},"end":{"line":108,"column":18}},"46":{"start":{"line":112,"column":4},"end":{"line":116,"column":5}},"47":{"start":{"line":113,"column":6},"end":{"line":113,"column":40}},"48":{"start":{"line":114,"column":32},"end":{"line":114,"column":64}},"49":{"start":{"line":115,"column":6},"end":{"line":115,"column":102}},"50":{"start":{"line":120,"column":4},"end":{"line":121,"column":55}},"51":{"start":{"line":126,"column":2},"end":{"line":126,"column":12}}},"fnMap":{"0":{"name":"sockets","decl":{"start":{"line":13,"column":26},"end":{"line":13,"column":33}},"loc":{"start":{"line":13,"column":42},"end":{"line":127,"column":1}}},"1":{"name":"(anonymous_1)","decl":{"start":{"line":17,"column":22},"end":{"line":17,"column":23}},"loc":{"start":{"line":17,"column":34},"end":{"line":19,"column":3}}},"2":{"name":"(anonymous_2)","decl":{"start":{"line":24,"column":34},"end":{"line":24,"column":35}},"loc":{"start":{"line":24,"column":46},"end":{"line":89,"column":3}}},"3":{"name":"(anonymous_3)","decl":{"start":{"line":31,"column":21},"end":{"line":31,"column":22}},"loc":{"start":{"line":31,"column":38},"end":{"line":36,"column":5}}},"4":{"name":"(anonymous_4)","decl":{"start":{"line":38,"column":30},"end":{"line":38,"column":31}},"loc":{"start":{"line":38,"column":36},"end":{"line":47,"column":5}}},"5":{"name":"(anonymous_5)","decl":{"start":{"line":50,"column":19},"end":{"line":50,"column":20}},"loc":{"start":{"line":50,"column":43},"end":{"line":56,"column":5}}},"6":{"name":"(anonymous_6)","decl":{"start":{"line":65,"column":22},"end":{"line":65,"column":23}},"loc":{"start":{"line":65,"column":40},"end":{"line":73,"column":5}}},"7":{"name":"(anonymous_7)","decl":{"start":{"line":82,"column":23},"end":{"line":82,"column":24}},"loc":{"start":{"line":82,"column":33},"end":{"line":87,"column":5}}},"8":{"name":"addParticipant","decl":{"start":{"line":96,"column":11},"end":{"line":96,"column":25}},"loc":{"start":{"line":96,"column":42},"end":{"line":100,"column":3}}},"9":{"name":"removeParticpants","decl":{"start":{"line":102,"column":11},"end":{"line":102,"column":28}},"loc":{"start":{"line":102,"column":33},"end":{"line":117,"column":3}}},"10":{"name":"getTotalParticipantsInRoom","decl":{"start":{"line":119,"column":11},"end":{"line":119,"column":37}},"loc":{"start":{"line":119,"column":44},"end":{"line":122,"column":3}}}},"branchMap":{"0":{"loc":{"start":{"line":32,"column":19},"end":{"line":32,"column":36}},"type":"binary-expr","locations":[{"start":{"line":32,"column":19},"end":{"line":32,"column":30}},{"start":{"line":32,"column":34},"end":{"line":32,"column":36}}]},"1":{"loc":{"start":{"line":52,"column":6},"end":{"line":55,"column":7}},"type":"if","locations":[{"start":{"line":52,"column":6},"end":{"line":55,"column":7}},{"start":{"line":52,"column":6},"end":{"line":55,"column":7}}]},"2":{"loc":{"start":{"line":52,"column":10},"end":{"line":52,"column":55}},"type":"binary-expr","locations":[{"start":{"line":52,"column":10},"end":{"line":52,"column":30}},{"start":{"line":52,"column":34},"end":{"line":52,"column":55}}]},"3":{"loc":{"start":{"line":98,"column":25},"end":{"line":98,"column":49}},"type":"binary-expr","locations":[{"start":{"line":98,"column":25},"end":{"line":98,"column":43}},{"start":{"line":98,"column":47},"end":{"line":98,"column":49}}]},"4":{"loc":{"start":{"line":106,"column":8},"end":{"line":109,"column":9}},"type":"if","locations":[{"start":{"line":106,"column":8},"end":{"line":109,"column":9}},{"start":{"line":106,"column":8},"end":{"line":109,"column":9}}]},"5":{"loc":{"start":{"line":112,"column":4},"end":{"line":116,"column":5}},"type":"if","locations":[{"start":{"line":112,"column":4},"end":{"line":116,"column":5}},{"start":{"line":112,"column":4},"end":{"line":116,"column":5}}]},"6":{"loc":{"start":{"line":112,"column":8},"end":{"line":112,"column":24}},"type":"binary-expr","locations":[{"start":{"line":112,"column":8},"end":{"line":112,"column":16}},{"start":{"line":112,"column":20},"end":{"line":112,"column":24}}]},"7":{"loc":{"start":{"line":120,"column":11},"end":{"line":121,"column":54}},"type":"cond-expr","locations":[{"start":{"line":121,"column":6},"end":{"line":121,"column":50}},{"start":{"line":121,"column":53},"end":{"line":121,"column":54}}]}},"s":{"0":1,"1":1,"2":1,"3":1,"4":1,"5":0,"6":0,"7":0,"8":0,"9":0,"10":0,"11":0,"12":0,"13":0,"14":0,"15":0,"16":0,"17":0,"18":0,"19":0,"20":0,"21":0,"22":0,"23":0,"24":0,"25":0,"26":0,"27":0,"28":0,"29":0,"30":0,"31":0,"32":0,"33":0,"34":0,"35":0,"36":0,"37":0,"38":0,"39":0,"40":0,"41":0,"42":0,"43":0,"44":0,"45":0,"46":0,"47":0,"48":0,"49":0,"50":0,"51":0},"f":{"0":0,"1":0,"2":0,"3":0,"4":0,"5":0,"6":0,"7":0,"8":0,"9":0,"10":0},"b":{"0":[0,0],"1":[0,0],"2":[0,0],"3":[0,0],"4":[0,0],"5":[0,0],"6":[0,0],"7":[0,0]},"_coverageSchema":"332fd63041d2c1bcb487cc26dd0d5f7d97098a6c","hash":"1c7753a4f40c9d61436529660f1b38bb59e82e85"}
}
